<?xml version="1.0" encoding="UTF-8"?>
<!-- Generated by org.testng.reporters.JUnitXMLReporter -->
<testsuite ignored="0" hostname="DESKTOP-11M8V1V" failures="0" tests="4" name="Test" time="45.785" errors="0" timestamp="2021-11-03T12:53:17 EET">
  <testcase classname="labourAndSocialAffairs.HomePage" name="basePageNavigation" time="3.75"/>
  <testcase classname="labourAndSocialAffairs.HomePage" name="basePageNavigation" time="3.785"/>
  <testcase classname="labourAndSocialAffairs.ValidateNavigationBar" name="validateBar" time="0.046"/>
  <testcase classname="labourAndSocialAffairs.ValidateTitle" name="validateTitle" time="0.057"/>
</testsuite> <!-- Test -->
