<?xml version="1.0" encoding="UTF-8"?>
<testng-results ignored="0" total="4" passed="4" failed="0" skipped="0">
  <reporter-output>
  </reporter-output>
  <suite started-at="2021-11-03T16:21:00 EET" name="Suite" finished-at="2021-11-03T16:21:35 EET" duration-ms="34686">
    <groups>
    </groups>
    <test started-at="2021-11-03T16:21:00 EET" name="ValidatingNavigationBar" finished-at="2021-11-03T16:21:14 EET" duration-ms="13866">
      <class name="labourAndSocialAffairs.ValidateNavigationBar">
        <test-method is-config="true" signature="initialize()[pri:0, instance:labourAndSocialAffairs.ValidateNavigationBar@1bb564e2]" started-at="2021-11-03T16:21:00 EET" name="initialize" finished-at="2021-11-03T16:21:14 EET" duration-ms="13710" status="PASS">
          <reporter-output>
          </reporter-output>
        </test-method> <!-- initialize -->
        <test-method signature="validateBar()[pri:0, instance:labourAndSocialAffairs.ValidateNavigationBar@1bb564e2]" started-at="2021-11-03T16:21:14 EET" name="validateBar" finished-at="2021-11-03T16:21:14 EET" duration-ms="53" status="PASS">
          <reporter-output>
          </reporter-output>
        </test-method> <!-- validateBar -->
        <test-method is-config="true" signature="tearDown()[pri:0, instance:labourAndSocialAffairs.ValidateNavigationBar@1bb564e2]" started-at="2021-11-03T16:21:14 EET" name="tearDown" finished-at="2021-11-03T16:21:14 EET" duration-ms="96" status="PASS">
          <reporter-output>
          </reporter-output>
        </test-method> <!-- tearDown -->
      </class> <!-- labourAndSocialAffairs.ValidateNavigationBar -->
    </test> <!-- ValidatingNavigationBar -->
    <test started-at="2021-11-03T16:21:00 EET" name="validatingTitle" finished-at="2021-11-03T16:21:14 EET" duration-ms="14081">
      <class name="labourAndSocialAffairs.ValidateTitle">
        <test-method is-config="true" signature="initialize()[pri:0, instance:labourAndSocialAffairs.ValidateTitle@31aa3ca5]" started-at="2021-11-03T16:21:00 EET" name="initialize" finished-at="2021-11-03T16:21:14 EET" duration-ms="13915" status="PASS">
          <reporter-output>
          </reporter-output>
        </test-method> <!-- initialize -->
        <test-method signature="validateTitle()[pri:0, instance:labourAndSocialAffairs.ValidateTitle@31aa3ca5]" started-at="2021-11-03T16:21:14 EET" name="validateTitle" finished-at="2021-11-03T16:21:14 EET" duration-ms="80" status="PASS">
          <reporter-output>
          </reporter-output>
        </test-method> <!-- validateTitle -->
        <test-method is-config="true" signature="tearDown()[pri:0, instance:labourAndSocialAffairs.ValidateTitle@31aa3ca5]" started-at="2021-11-03T16:21:14 EET" name="tearDown" finished-at="2021-11-03T16:21:14 EET" duration-ms="80" status="PASS">
          <reporter-output>
          </reporter-output>
        </test-method> <!-- tearDown -->
      </class> <!-- labourAndSocialAffairs.ValidateTitle -->
    </test> <!-- validatingTitle -->
    <test started-at="2021-11-03T16:21:00 EET" name="ValidatingLoginPage" finished-at="2021-11-03T16:21:35 EET" duration-ms="34686">
      <class name="labourAndSocialAffairs.HomePage">
        <test-method is-config="true" signature="initialize()[pri:0, instance:labourAndSocialAffairs.HomePage@2bd2b28e]" started-at="2021-11-03T16:21:00 EET" name="initialize" finished-at="2021-11-03T16:21:19 EET" duration-ms="18578" status="PASS">
          <reporter-output>
          </reporter-output>
        </test-method> <!-- initialize -->
        <test-method signature="basePageNavigation(java.lang.String,java.lang.String,java.lang.String)[pri:0, instance:labourAndSocialAffairs.HomePage@2bd2b28e]" started-at="2021-11-03T16:21:19 EET" name="basePageNavigation" data-provider="getData" finished-at="2021-11-03T16:21:22 EET" duration-ms="3739" status="PASS">
          <params>
            <param index="0">
              <value>
                <![CDATA[Abdelhadi.qudah@gmail.com]]>
              </value>
            </param>
            <param index="1">
              <value>
                <![CDATA[1234567]]>
              </value>
            </param>
            <param index="2">
              <value>
                <![CDATA[TEST CASE 1]]>
              </value>
            </param>
          </params>
          <reporter-output>
          </reporter-output>
        </test-method> <!-- basePageNavigation -->
        <test-method is-config="true" signature="tearDown()[pri:0, instance:labourAndSocialAffairs.HomePage@2bd2b28e]" started-at="2021-11-03T16:21:22 EET" name="tearDown" finished-at="2021-11-03T16:21:23 EET" duration-ms="104" status="PASS">
          <reporter-output>
          </reporter-output>
        </test-method> <!-- tearDown -->
        <test-method is-config="true" signature="initialize()[pri:0, instance:labourAndSocialAffairs.HomePage@2bd2b28e]" started-at="2021-11-03T16:21:23 EET" name="initialize" finished-at="2021-11-03T16:21:31 EET" duration-ms="8401" status="PASS">
          <reporter-output>
          </reporter-output>
        </test-method> <!-- initialize -->
        <test-method signature="basePageNavigation(java.lang.String,java.lang.String,java.lang.String)[pri:0, instance:labourAndSocialAffairs.HomePage@2bd2b28e]" started-at="2021-11-03T16:21:31 EET" name="basePageNavigation" data-provider="getData" finished-at="2021-11-03T16:21:35 EET" duration-ms="3772" status="PASS">
          <params>
            <param index="0">
              <value>
                <![CDATA[a.qudah@gmail.com]]>
              </value>
            </param>
            <param index="1">
              <value>
                <![CDATA[1122334455]]>
              </value>
            </param>
            <param index="2">
              <value>
                <![CDATA[TEST CASE 2]]>
              </value>
            </param>
          </params>
          <reporter-output>
          </reporter-output>
        </test-method> <!-- basePageNavigation -->
        <test-method is-config="true" signature="tearDown()[pri:0, instance:labourAndSocialAffairs.HomePage@2bd2b28e]" started-at="2021-11-03T16:21:35 EET" name="tearDown" finished-at="2021-11-03T16:21:35 EET" duration-ms="56" status="PASS">
          <reporter-output>
          </reporter-output>
        </test-method> <!-- tearDown -->
      </class> <!-- labourAndSocialAffairs.HomePage -->
    </test> <!-- ValidatingLoginPage -->
  </suite> <!-- Suite -->
</testng-results>
