<?xml version="1.0" encoding="UTF-8"?>
<testsuite xmlns:xsi="http://www.w3.org/2001/XMLSchema-instance" xsi:schemaLocation="https://maven.apache.org/surefire/maven-surefire-plugin/xsd/surefire-test-report.xsd" name="TestSuite" time="23.597" tests="4" errors="0" skipped="0" failures="1">
  <properties>
[...]
</properties>
  <testcase name="validateBar" classname="labourAndSocialAffairs.ValidateNavigationBar" time="0.359">
    <failure message="expected [FEATURED COURSES12] but found [FEATURED COURSES]" type="java.lang.AssertionError">java.lang.AssertionError: expected [FEATURED COURSES12] but found [FEATURED COURSES]
	at labourAndSocialAffairs.ValidateNavigationBar.validateBar(ValidateNavigationBar.java:34)
</failure>
    <system-err><![CDATA[SLF4J: Failed to load class "org.slf4j.impl.StaticMDCBinder".
SLF4J: Defaulting to no-operation MDCAdapter implementation.
SLF4J: See http://www.slf4j.org/codes.html#no_static_mdc_binder for further details.
SLF4J: Failed to load class "org.slf4j.impl.StaticLoggerBinder".
SLF4J: Defaulting to no-operation (NOP) logger implementation
SLF4J: See http://www.slf4j.org/codes.html#StaticLoggerBinder for further details.
SSStarting ChromeDriver 95.0.4638.54 (d31a821ec901f68d0d34ccdbaea45b4c86ce543e-refs/branch-thatarting ChromeDriver 95.0.reti4nadg6 sC3hromeDriver 95.0.4638/.8544. 638@{(5d#3418a 872(11}) on ed31a821ec901f68d0d34ccdbaea45b4c86ce543e-refs/branccp901fh-hea68d0d34ccdbaea45b4c86ce543e-refs/branoch-heads/4638@{#871}) on pordtr s4t8/5 145
On1ly l6o0333
Only local connectic3o8a@n{#l8 s7 are alcl1owed.
Please o}see https://chromedriver.chromnium.org/security-considerations for suggestions on keeping ChromeDriver safe.
) on port 4416
Only local connections are allowed.
Please see https://cnections are allowed.
Please see https://chromedriver.chromium.org/security-considerations for suggestions on keehromedriver.chromping Chium.org/security-consideratromeDriver safe.
ions for suggestions on keeping ChromeDriver safe.
ChromeDChromeChromeDriver was sriver was started successfully.
tarted succeDriver was startedssfully. successfully.

Nov 06, 2021 2:15:27 AM org.openqa.selenium.remote.ProtocolHandshake createSession
INFO: Detected dialect: W3C
Nov 06, 2021 2:15:27 AM org.openqa.selenium.remote.ProtocolHandshake createSession
INFO: Detected dialect: W3C
Nov 06, 2021 2:15:27 AM org.openqa.selenium.remote.ProtocolHandshake createSession
INFO: Detected dialect: W3C
]]></system-err>
  </testcase>
  <testcase name="validateTitle" classname="labourAndSocialAffairs.ValidateTitle" time="0.066"/>
  <testcase name="basePageNavigation" classname="labourAndSocialAffairs.HomePage" time="3.127"/>
  <testcase name="basePageNavigation" classname="labourAndSocialAffairs.HomePage" time="3.655"/>
</testsuite>