<?xml version="1.0" encoding="UTF-8"?>
<testsuite xmlns:xsi="http://www.w3.org/2001/XMLSchema-instance" xsi:schemaLocation="https://maven.apache.org/surefire/maven-surefire-plugin/xsd/surefire-test-report.xsd" name="TestSuite" time="25.683" tests="4" errors="0" skipped="0" failures="1">
  <properties>
[...]
</properties>
  <testcase name="validateBar" classname="labourAndSocialAffairs.ValidateNavigationBar" time="0.111">
    <failure message="expected [FEATURED COURSES12] but found [FEATURED COURSES]" type="java.lang.AssertionError">java.lang.AssertionError: expected [FEATURED COURSES12] but found [FEATURED COURSES]
	at labourAndSocialAffairs.ValidateNavigationBar.validateBar(ValidateNavigationBar.java:34)
</failure>
    <system-err><![CDATA[SLF4J: Failed to load class "org.slf4j.impl.StaticMDCBinder".
SLF4J: Defaulting to no-operation MDCAdapter implementation.
SLF4J: See http://www.slf4j.org/codes.html#no_static_mdc_binder for further details.
SLF4J: Failed to load class "org.slf4j.impl.StaticLoggerBinder".
SLF4J: Defaulting to no-operation (NOP) logger implementation
SLF4J: See http://www.slf4j.org/codes.html#StaticLoggerBinder for further details.
Starting ChromStStarting ChromeDriver 96.0.466aer4tDi.nriver 96.0.4664.45 (76e4c1bb2ab4671b8bebag4 3C5 h4r(o4m7eDriver 9466e4.0.4664.45 (76e4c1bb2ab4671b8beebca63444e61c0f175841b12fcb-crefs/branch-heads/4664@{#947}) on pb0f2a17584b2fbocr4671b8bet-barefs /b3ranch-heads/4664@{#947}) on port 24539
Only loc6al con284ne40c
Only local connections are allowed.
Please see 4htttps://ecions are allowed.
Please see https://chromedriver.chromium.org/security-considerations for suggestions on keeping ChromeDriver safe.
hro61c0f17584b2fc-refs/branch-heads/4664@{#947}) on port 22915
Only local connections are allowed.
Please see https://chromedriver.chromium.org/security-considerations for suggestions on keeping ChromeDriver safe.
medriver.chromium.org/security-considerations for suggestions on keeping ChromeDriver safe.
ChromeDriver was started successfully.
ChromeDriver was started successfully.
ChromeDriver was started successfully.
Nov 30, 2021 11:30:13 AM org.openqa.selenium.remote.ProtocolHandshake createSession
INFO: Detected dialect: W3C
Nov 30, 2021 11:30:14 AM org.openqa.selenium.remote.ProtocolHandshake createSession
INFO: Detected dialect: W3C
Nov 30, 2021 11:30:14 AM org.openqa.selenium.remote.ProtocolHandshake createSession
INFO: Detected dialect: W3C
]]></system-err>
  </testcase>
  <testcase name="validateTitle" classname="labourAndSocialAffairs.ValidateTitle" time="0.562"/>
  <testcase name="basePageNavigation" classname="labourAndSocialAffairs.HomePage" time="3.31"/>
  <testcase name="basePageNavigation" classname="labourAndSocialAffairs.HomePage" time="3.819"/>
</testsuite>