-------------------------------------------------------------------------------
Test set: TestSuite
-------------------------------------------------------------------------------
Tests run: 4, Failures: 1, Errors: 0, Skipped: 0, Time elapsed: 25.683 sec <<< FAILURE! - in TestSuite
validateBar(labourAndSocialAffairs.ValidateNavigationBar)  Time elapsed: 0.111 sec  <<< FAILURE!
java.lang.AssertionError: expected [FEATURED COURSES12] but found [FEATURED COURSES]
	at labourAndSocialAffairs.ValidateNavigationBar.validateBar(ValidateNavigationBar.java:34)

